Build started 2015/4/30 1:05:12.
     1>Project "\\psf\Home\Documents\lua2d\lua2d_windows\lua2d_windows\lua2d_windows.vcxproj" on node 2 (Build target(s)).
     1>ClCompile:
         C:\Program Files (x86)\Microsoft Visual Studio 12.0\VC\bin\CL.exe /c /ZI /nologo /W3 /WX- /Od /Oy- /D WIN32 /D _DEBUG /D _CONSOLE /D _LIB /D _UNICODE /D UNICODE /Gm /EHsc /RTC1 /MDd /GS /fp:precise /Zc:wchar_t /Zc:forScope /Fo"Debug\\" /Fd"Debug\vc120.pdb" /Gd /TP /analyze- /errorReport:prompt ..\..\Lua2d\main.cpp
         main.cpp
     1>\\psf\home\documents\lua2d\lua2d\main.cpp : warning C4819: The file contains a character that cannot be represented in the current code page (936). Save the file in Unicode format to prevent data loss
     1>\\psf\home\documents\lua2d\lua2d\lua2d.h : warning C4819: The file contains a character that cannot be represented in the current code page (936). Save the file in Unicode format to prevent data loss
     1>\\psf\home\documents\lua2d\lua2d\node.h : warning C4819: The file contains a character that cannot be represented in the current code page (936). Save the file in Unicode format to prevent data loss
     1>\\psf\home\documents\lua2d\lua2d\director.h : warning C4819: The file contains a character that cannot be represented in the current code page (936). Save the file in Unicode format to prevent data loss
     1>\\psf\home\documents\lua2d\lua2d\scene.h : warning C4819: The file contains a character that cannot be represented in the current code page (936). Save the file in Unicode format to prevent data loss
     1>\\psf\home\documents\lua2d\lua2d\layer.h : warning C4819: The file contains a character that cannot be represented in the current code page (936). Save the file in Unicode format to prevent data loss
     1>\\psf\home\documents\lua2d\lua2d\sprite.h : warning C4819: The file contains a character that cannot be represented in the current code page (936). Save the file in Unicode format to prevent data loss
     1>\\psf\home\documents\lua2d\lua2d\imagesprite.h : warning C4819: The file contains a character that cannot be represented in the current code page (936). Save the file in Unicode format to prevent data loss
     1>\\psf\home\documents\lua2d\lua2d\utils.h : warning C4819: The file contains a character that cannot be represented in the current code page (936). Save the file in Unicode format to prevent data loss
     1>\\psf\home\documents\lua2d\lua2d\main.cpp(97): error C3861: 'glGenVertexArrays': identifier not found
     1>\\psf\home\documents\lua2d\lua2d\main.cpp(98): error C3861: 'glBindVertexArray': identifier not found
     1>\\psf\home\documents\lua2d\lua2d\main.cpp(101): error C3861: 'glGenBuffers': identifier not found
     1>\\psf\home\documents\lua2d\lua2d\main.cpp(102): error C2065: 'GL_ARRAY_BUFFER' : undeclared identifier
     1>\\psf\home\documents\lua2d\lua2d\main.cpp(102): error C3861: 'glBindBuffer': identifier not found
     1>\\psf\home\documents\lua2d\lua2d\main.cpp(103): error C2065: 'GL_ARRAY_BUFFER' : undeclared identifier
     1>\\psf\home\documents\lua2d\lua2d\main.cpp(103): error C2065: 'GL_STATIC_DRAW' : undeclared identifier
     1>\\psf\home\documents\lua2d\lua2d\main.cpp(103): error C3861: 'glBufferData': identifier not found
     1>\\psf\home\documents\lua2d\lua2d\main.cpp(105): error C3861: 'glGenBuffers': identifier not found
     1>\\psf\home\documents\lua2d\lua2d\main.cpp(106): error C2065: 'GL_ELEMENT_ARRAY_BUFFER' : undeclared identifier
     1>\\psf\home\documents\lua2d\lua2d\main.cpp(106): error C3861: 'glBindBuffer': identifier not found
     1>\\psf\home\documents\lua2d\lua2d\main.cpp(107): error C2065: 'GL_ELEMENT_ARRAY_BUFFER' : undeclared identifier
     1>\\psf\home\documents\lua2d\lua2d\main.cpp(107): error C2065: 'GL_STATIC_DRAW' : undeclared identifier
     1>\\psf\home\documents\lua2d\lua2d\main.cpp(107): error C3861: 'glBufferData': identifier not found
     1>\\psf\home\documents\lua2d\lua2d\main.cpp(110): error C2065: 'GL_VERTEX_SHADER' : undeclared identifier
     1>\\psf\home\documents\lua2d\lua2d\main.cpp(110): error C3861: 'glCreateShader': identifier not found
     1>\\psf\home\documents\lua2d\lua2d\main.cpp(111): error C3861: 'glShaderSource': identifier not found
     1>\\psf\home\documents\lua2d\lua2d\main.cpp(112): error C3861: 'glCompileShader': identifier not found
     1>\\psf\home\documents\lua2d\lua2d\main.cpp(114): error C2065: 'GL_COMPILE_STATUS' : undeclared identifier
     1>\\psf\home\documents\lua2d\lua2d\main.cpp(114): error C3861: 'glGetShaderiv': identifier not found
     1>\\psf\home\documents\lua2d\lua2d\main.cpp(117): error C3861: 'glGetShaderInfoLog': identifier not found
     1>\\psf\home\documents\lua2d\lua2d\main.cpp(121): error C2065: 'GL_FRAGMENT_SHADER' : undeclared identifier
     1>\\psf\home\documents\lua2d\lua2d\main.cpp(121): error C3861: 'glCreateShader': identifier not found
     1>\\psf\home\documents\lua2d\lua2d\main.cpp(122): error C3861: 'glShaderSource': identifier not found
     1>\\psf\home\documents\lua2d\lua2d\main.cpp(123): error C3861: 'glCompileShader': identifier not found
     1>\\psf\home\documents\lua2d\lua2d\main.cpp(124): error C2065: 'GL_COMPILE_STATUS' : undeclared identifier
     1>\\psf\home\documents\lua2d\lua2d\main.cpp(124): error C3861: 'glGetShaderiv': identifier not found
     1>\\psf\home\documents\lua2d\lua2d\main.cpp(127): error C3861: 'glGetShaderInfoLog': identifier not found
     1>\\psf\home\documents\lua2d\lua2d\main.cpp(133): error C3861: 'glCreateProgram': identifier not found
     1>\\psf\home\documents\lua2d\lua2d\main.cpp(134): error C3861: 'glAttachShader': identifier not found
     1>\\psf\home\documents\lua2d\lua2d\main.cpp(135): error C3861: 'glAttachShader': identifier not found
     1>\\psf\home\documents\lua2d\lua2d\main.cpp(136): error C3861: 'glBindFragDataLocation': identifier not found
     1>\\psf\home\documents\lua2d\lua2d\main.cpp(137): error C3861: 'glLinkProgram': identifier not found
     1>\\psf\home\documents\lua2d\lua2d\main.cpp(138): error C3861: 'glUseProgram': identifier not found
     1>\\psf\home\documents\lua2d\lua2d\main.cpp(141): error C3861: 'glGetAttribLocation': identifier not found
     1>\\psf\home\documents\lua2d\lua2d\main.cpp(142): error C3861: 'glEnableVertexAttribArray': identifier not found
     1>\\psf\home\documents\lua2d\lua2d\main.cpp(143): error C3861: 'glVertexAttribPointer': identifier not found
     1>\\psf\home\documents\lua2d\lua2d\main.cpp(144): error C3861: 'glGetAttribLocation': identifier not found
     1>\\psf\home\documents\lua2d\lua2d\main.cpp(145): error C3861: 'glEnableVertexAttribArray': identifier not found
     1>\\psf\home\documents\lua2d\lua2d\main.cpp(146): error C3861: 'glVertexAttribPointer': identifier not found
     1>\\psf\home\documents\lua2d\lua2d\main.cpp(148): error C3861: 'glGetUniformLocation': identifier not found
     1>\\psf\home\documents\lua2d\lua2d\main.cpp(149): error C3861: 'glUniform3f': identifier not found
     1>\\psf\home\documents\lua2d\lua2d\main.cpp(162): error C3861: 'glUniform3f': identifier not found
     1>\\psf\home\documents\lua2d\lua2d\main.cpp(167): error C3861: 'glutSwapBuffers': identifier not found
     1>\\psf\home\documents\lua2d\lua2d\main.cpp(168): error C3861: 'sleep': identifier not found
     1>\\psf\home\documents\lua2d\lua2d\main.cpp(169): error C3861: 'glutPostRedisplay': identifier not found
     1>\\psf\home\documents\lua2d\lua2d\main.cpp(182): error C3861: 'glutInit': identifier not found
     1>\\psf\home\documents\lua2d\lua2d\main.cpp(183): error C2065: 'GLUT_RGB' : undeclared identifier
     1>\\psf\home\documents\lua2d\lua2d\main.cpp(183): error C2065: 'GLUT_DOUBLE' : undeclared identifier
     1>\\psf\home\documents\lua2d\lua2d\main.cpp(183): error C2065: 'GLUT_3_2_CORE_PROFILE' : undeclared identifier
     1>\\psf\home\documents\lua2d\lua2d\main.cpp(183): error C3861: 'glutInitDisplayMode': identifier not found
     1>\\psf\home\documents\lua2d\lua2d\main.cpp(184): error C3861: 'glutInitWindowPosition': identifier not found
     1>\\psf\home\documents\lua2d\lua2d\main.cpp(185): error C3861: 'glutInitWindowSize': identifier not found
     1>\\psf\home\documents\lua2d\lua2d\main.cpp(186): error C3861: 'glutCreateWindow': identifier not found
     1>\\psf\home\documents\lua2d\lua2d\main.cpp(187): error C3861: 'glutDisplayFunc': identifier not found
     1>\\psf\home\documents\lua2d\lua2d\main.cpp(188): error C3861: 'glutReshapeFunc': identifier not found
     1>\\psf\home\documents\lua2d\lua2d\main.cpp(190): error C3861: 'glutMainLoop': identifier not found
     1>Done Building Project "\\psf\Home\Documents\lua2d\lua2d_windows\lua2d_windows\lua2d_windows.vcxproj" (Build target(s)) -- FAILED.

Build FAILED.

Time Elapsed 00:00:02.89
